<?xml version="1.0" encoding="UTF-8"?>
<testsuite xmlns:xsi="http://www.w3.org/2001/XMLSchema-instance" xsi:noNamespaceSchemaLocation="https://maven.apache.org/surefire/maven-surefire-plugin/xsd/surefire-test-report.xsd" name="com.itheima.test.UploadFileTest" time="0.025" tests="1" errors="0" skipped="0" failures="0">
  <properties>
    <property name="sun.desktop" value="windows"/>
    <property name="awt.toolkit" value="sun.awt.windows.WToolkit"/>
    <property name="java.specification.version" value="11"/>
    <property name="sun.cpu.isalist" value="amd64"/>
    <property name="sun.jnu.encoding" value="GBK"/>
    <property name="java.class.path" value="D:\javarun\IDEA\project\reggie_take_out\target\test-classes;D:\javarun\IDEA\project\reggie_take_out\target\classes;D:\Maven\apache-maven-3.8.5\mvn_resp\org\springframework\boot\spring-boot-starter\2.4.5\spring-boot-starter-2.4.5.jar;D:\Maven\apache-maven-3.8.5\mvn_resp\org\springframework\boot\spring-boot\2.4.5\spring-boot-2.4.5.jar;D:\Maven\apache-maven-3.8.5\mvn_resp\org\springframework\spring-context\5.3.6\spring-context-5.3.6.jar;D:\Maven\apache-maven-3.8.5\mvn_resp\org\springframework\boot\spring-boot-autoconfigure\2.4.5\spring-boot-autoconfigure-2.4.5.jar;D:\Maven\apache-maven-3.8.5\mvn_resp\org\springframework\boot\spring-boot-starter-logging\2.4.5\spring-boot-starter-logging-2.4.5.jar;D:\Maven\apache-maven-3.8.5\mvn_resp\ch\qos\logback\logback-classic\1.2.3\logback-classic-1.2.3.jar;D:\Maven\apache-maven-3.8.5\mvn_resp\ch\qos\logback\logback-core\1.2.3\logback-core-1.2.3.jar;D:\Maven\apache-maven-3.8.5\mvn_resp\org\apache\logging\log4j\log4j-to-slf4j\2.13.3\log4j-to-slf4j-2.13.3.jar;D:\Maven\apache-maven-3.8.5\mvn_resp\org\apache\logging\log4j\log4j-api\2.13.3\log4j-api-2.13.3.jar;D:\Maven\apache-maven-3.8.5\mvn_resp\org\slf4j\jul-to-slf4j\1.7.30\jul-to-slf4j-1.7.30.jar;D:\Maven\apache-maven-3.8.5\mvn_resp\jakarta\annotation\jakarta.annotation-api\1.3.5\jakarta.annotation-api-1.3.5.jar;D:\Maven\apache-maven-3.8.5\mvn_resp\org\springframework\spring-core\5.3.6\spring-core-5.3.6.jar;D:\Maven\apache-maven-3.8.5\mvn_resp\org\springframework\spring-jcl\5.3.6\spring-jcl-5.3.6.jar;D:\Maven\apache-maven-3.8.5\mvn_resp\org\yaml\snakeyaml\1.27\snakeyaml-1.27.jar;D:\Maven\apache-maven-3.8.5\mvn_resp\org\springframework\boot\spring-boot-starter-test\2.4.5\spring-boot-starter-test-2.4.5.jar;D:\Maven\apache-maven-3.8.5\mvn_resp\org\springframework\boot\spring-boot-test\2.4.5\spring-boot-test-2.4.5.jar;D:\Maven\apache-maven-3.8.5\mvn_resp\org\springframework\boot\spring-boot-test-autoconfigure\2.4.5\spring-boot-test-autoconfigure-2.4.5.jar;D:\Maven\apache-maven-3.8.5\mvn_resp\com\jayway\jsonpath\json-path\2.4.0\json-path-2.4.0.jar;D:\Maven\apache-maven-3.8.5\mvn_resp\net\minidev\json-smart\2.3\json-smart-2.3.jar;D:\Maven\apache-maven-3.8.5\mvn_resp\net\minidev\accessors-smart\1.2\accessors-smart-1.2.jar;D:\Maven\apache-maven-3.8.5\mvn_resp\org\ow2\asm\asm\5.0.4\asm-5.0.4.jar;D:\Maven\apache-maven-3.8.5\mvn_resp\jakarta\xml\bind\jakarta.xml.bind-api\2.3.3\jakarta.xml.bind-api-2.3.3.jar;D:\Maven\apache-maven-3.8.5\mvn_resp\jakarta\activation\jakarta.activation-api\1.2.2\jakarta.activation-api-1.2.2.jar;D:\Maven\apache-maven-3.8.5\mvn_resp\org\assertj\assertj-core\3.18.1\assertj-core-3.18.1.jar;D:\Maven\apache-maven-3.8.5\mvn_resp\org\hamcrest\hamcrest\2.2\hamcrest-2.2.jar;D:\Maven\apache-maven-3.8.5\mvn_resp\org\junit\jupiter\junit-jupiter\5.7.1\junit-jupiter-5.7.1.jar;D:\Maven\apache-maven-3.8.5\mvn_resp\org\junit\jupiter\junit-jupiter-api\5.7.1\junit-jupiter-api-5.7.1.jar;D:\Maven\apache-maven-3.8.5\mvn_resp\org\apiguardian\apiguardian-api\1.1.0\apiguardian-api-1.1.0.jar;D:\Maven\apache-maven-3.8.5\mvn_resp\org\opentest4j\opentest4j\1.2.0\opentest4j-1.2.0.jar;D:\Maven\apache-maven-3.8.5\mvn_resp\org\junit\platform\junit-platform-commons\1.7.1\junit-platform-commons-1.7.1.jar;D:\Maven\apache-maven-3.8.5\mvn_resp\org\junit\jupiter\junit-jupiter-params\5.7.1\junit-jupiter-params-5.7.1.jar;D:\Maven\apache-maven-3.8.5\mvn_resp\org\junit\jupiter\junit-jupiter-engine\5.7.1\junit-jupiter-engine-5.7.1.jar;D:\Maven\apache-maven-3.8.5\mvn_resp\org\junit\platform\junit-platform-engine\1.7.1\junit-platform-engine-1.7.1.jar;D:\Maven\apache-maven-3.8.5\mvn_resp\org\mockito\mockito-core\3.6.28\mockito-core-3.6.28.jar;D:\Maven\apache-maven-3.8.5\mvn_resp\net\bytebuddy\byte-buddy\1.10.22\byte-buddy-1.10.22.jar;D:\Maven\apache-maven-3.8.5\mvn_resp\net\bytebuddy\byte-buddy-agent\1.10.22\byte-buddy-agent-1.10.22.jar;D:\Maven\apache-maven-3.8.5\mvn_resp\org\objenesis\objenesis\3.1\objenesis-3.1.jar;D:\Maven\apache-maven-3.8.5\mvn_resp\org\mockito\mockito-junit-jupiter\3.6.28\mockito-junit-jupiter-3.6.28.jar;D:\Maven\apache-maven-3.8.5\mvn_resp\org\skyscreamer\jsonassert\1.5.0\jsonassert-1.5.0.jar;D:\Maven\apache-maven-3.8.5\mvn_resp\com\vaadin\external\google\android-json\0.0.20131108.vaadin1\android-json-0.0.20131108.vaadin1.jar;D:\Maven\apache-maven-3.8.5\mvn_resp\org\springframework\spring-test\5.3.6\spring-test-5.3.6.jar;D:\Maven\apache-maven-3.8.5\mvn_resp\org\xmlunit\xmlunit-core\2.7.0\xmlunit-core-2.7.0.jar;D:\Maven\apache-maven-3.8.5\mvn_resp\org\springframework\boot\spring-boot-starter-web\2.4.5\spring-boot-starter-web-2.4.5.jar;D:\Maven\apache-maven-3.8.5\mvn_resp\org\springframework\boot\spring-boot-starter-json\2.4.5\spring-boot-starter-json-2.4.5.jar;D:\Maven\apache-maven-3.8.5\mvn_resp\com\fasterxml\jackson\core\jackson-databind\2.11.4\jackson-databind-2.11.4.jar;D:\Maven\apache-maven-3.8.5\mvn_resp\com\fasterxml\jackson\core\jackson-annotations\2.11.4\jackson-annotations-2.11.4.jar;D:\Maven\apache-maven-3.8.5\mvn_resp\com\fasterxml\jackson\core\jackson-core\2.11.4\jackson-core-2.11.4.jar;D:\Maven\apache-maven-3.8.5\mvn_resp\com\fasterxml\jackson\datatype\jackson-datatype-jdk8\2.11.4\jackson-datatype-jdk8-2.11.4.jar;D:\Maven\apache-maven-3.8.5\mvn_resp\com\fasterxml\jackson\datatype\jackson-datatype-jsr310\2.11.4\jackson-datatype-jsr310-2.11.4.jar;D:\Maven\apache-maven-3.8.5\mvn_resp\com\fasterxml\jackson\module\jackson-module-parameter-names\2.11.4\jackson-module-parameter-names-2.11.4.jar;D:\Maven\apache-maven-3.8.5\mvn_resp\org\springframework\boot\spring-boot-starter-tomcat\2.4.5\spring-boot-starter-tomcat-2.4.5.jar;D:\Maven\apache-maven-3.8.5\mvn_resp\org\apache\tomcat\embed\tomcat-embed-core\9.0.45\tomcat-embed-core-9.0.45.jar;D:\Maven\apache-maven-3.8.5\mvn_resp\org\glassfish\jakarta.el\3.0.3\jakarta.el-3.0.3.jar;D:\Maven\apache-maven-3.8.5\mvn_resp\org\apache\tomcat\embed\tomcat-embed-websocket\9.0.45\tomcat-embed-websocket-9.0.45.jar;D:\Maven\apache-maven-3.8.5\mvn_resp\org\springframework\spring-web\5.3.6\spring-web-5.3.6.jar;D:\Maven\apache-maven-3.8.5\mvn_resp\org\springframework\spring-beans\5.3.6\spring-beans-5.3.6.jar;D:\Maven\apache-maven-3.8.5\mvn_resp\org\springframework\spring-webmvc\5.3.6\spring-webmvc-5.3.6.jar;D:\Maven\apache-maven-3.8.5\mvn_resp\org\springframework\spring-aop\5.3.6\spring-aop-5.3.6.jar;D:\Maven\apache-maven-3.8.5\mvn_resp\org\springframework\spring-expression\5.3.6\spring-expression-5.3.6.jar;D:\Maven\apache-maven-3.8.5\mvn_resp\com\baomidou\mybatis-plus-boot-starter\3.4.2\mybatis-plus-boot-starter-3.4.2.jar;D:\Maven\apache-maven-3.8.5\mvn_resp\com\baomidou\mybatis-plus\3.4.2\mybatis-plus-3.4.2.jar;D:\Maven\apache-maven-3.8.5\mvn_resp\com\baomidou\mybatis-plus-extension\3.4.2\mybatis-plus-extension-3.4.2.jar;D:\Maven\apache-maven-3.8.5\mvn_resp\com\baomidou\mybatis-plus-core\3.4.2\mybatis-plus-core-3.4.2.jar;D:\Maven\apache-maven-3.8.5\mvn_resp\com\baomidou\mybatis-plus-annotation\3.4.2\mybatis-plus-annotation-3.4.2.jar;D:\Maven\apache-maven-3.8.5\mvn_resp\com\github\jsqlparser\jsqlparser\4.0\jsqlparser-4.0.jar;D:\Maven\apache-maven-3.8.5\mvn_resp\org\mybatis\mybatis\3.5.6\mybatis-3.5.6.jar;D:\Maven\apache-maven-3.8.5\mvn_resp\org\mybatis\mybatis-spring\2.0.5\mybatis-spring-2.0.5.jar;D:\Maven\apache-maven-3.8.5\mvn_resp\org\springframework\boot\spring-boot-starter-jdbc\2.4.5\spring-boot-starter-jdbc-2.4.5.jar;D:\Maven\apache-maven-3.8.5\mvn_resp\com\zaxxer\HikariCP\3.4.5\HikariCP-3.4.5.jar;D:\Maven\apache-maven-3.8.5\mvn_resp\org\springframework\spring-jdbc\5.3.6\spring-jdbc-5.3.6.jar;D:\Maven\apache-maven-3.8.5\mvn_resp\org\springframework\spring-tx\5.3.6\spring-tx-5.3.6.jar;D:\Maven\apache-maven-3.8.5\mvn_resp\org\projectlombok\lombok\1.18.20\lombok-1.18.20.jar;D:\Maven\apache-maven-3.8.5\mvn_resp\com\alibaba\fastjson\1.2.76\fastjson-1.2.76.jar;D:\Maven\apache-maven-3.8.5\mvn_resp\commons-lang\commons-lang\2.6\commons-lang-2.6.jar;D:\Maven\apache-maven-3.8.5\mvn_resp\mysql\mysql-connector-java\8.0.23\mysql-connector-java-8.0.23.jar;D:\Maven\apache-maven-3.8.5\mvn_resp\com\alibaba\druid-spring-boot-starter\1.1.23\druid-spring-boot-starter-1.1.23.jar;D:\Maven\apache-maven-3.8.5\mvn_resp\com\alibaba\druid\1.1.23\druid-1.1.23.jar;D:\Maven\apache-maven-3.8.5\mvn_resp\org\slf4j\slf4j-api\1.7.30\slf4j-api-1.7.30.jar;D:\Maven\apache-maven-3.8.5\mvn_resp\com\aliyun\aliyun-java-sdk-core\4.5.16\aliyun-java-sdk-core-4.5.16.jar;D:\Maven\apache-maven-3.8.5\mvn_resp\com\google\code\gson\gson\2.8.6\gson-2.8.6.jar;D:\Maven\apache-maven-3.8.5\mvn_resp\org\apache\httpcomponents\httpclient\4.5.13\httpclient-4.5.13.jar;D:\Maven\apache-maven-3.8.5\mvn_resp\commons-codec\commons-codec\1.15\commons-codec-1.15.jar;D:\Maven\apache-maven-3.8.5\mvn_resp\org\apache\httpcomponents\httpcore\4.4.14\httpcore-4.4.14.jar;D:\Maven\apache-maven-3.8.5\mvn_resp\commons-logging\commons-logging\1.2\commons-logging-1.2.jar;D:\Maven\apache-maven-3.8.5\mvn_resp\javax\xml\bind\jaxb-api\2.3.1\jaxb-api-2.3.1.jar;D:\Maven\apache-maven-3.8.5\mvn_resp\javax\activation\javax.activation-api\1.2.0\javax.activation-api-1.2.0.jar;D:\Maven\apache-maven-3.8.5\mvn_resp\org\jacoco\org.jacoco.agent\0.8.6\org.jacoco.agent-0.8.6-runtime.jar;D:\Maven\apache-maven-3.8.5\mvn_resp\org\ini4j\ini4j\0.5.4\ini4j-0.5.4.jar;D:\Maven\apache-maven-3.8.5\mvn_resp\io\opentracing\opentracing-api\0.33.0\opentracing-api-0.33.0.jar;D:\Maven\apache-maven-3.8.5\mvn_resp\io\opentracing\opentracing-util\0.33.0\opentracing-util-0.33.0.jar;D:\Maven\apache-maven-3.8.5\mvn_resp\io\opentracing\opentracing-noop\0.33.0\opentracing-noop-0.33.0.jar;D:\Maven\apache-maven-3.8.5\mvn_resp\com\aliyun\aliyun-java-sdk-dysmsapi\2.1.0\aliyun-java-sdk-dysmsapi-2.1.0.jar;"/>
    <property name="java.vm.vendor" value="Oracle Corporation"/>
    <property name="sun.arch.data.model" value="64"/>
    <property name="user.variant" value=""/>
    <property name="java.vendor.url" value="https://openjdk.java.net/"/>
    <property name="user.timezone" value="Asia/Shanghai"/>
    <property name="java.vm.specification.version" value="11"/>
    <property name="os.name" value="Windows 10"/>
    <property name="sun.java.launcher" value="SUN_STANDARD"/>
    <property name="user.country" value="CN"/>
    <property name="sun.boot.library.path" value="D:\JDK\bin"/>
    <property name="sun.java.command" value="C:\Users\15826\AppData\Local\Temp\surefire5142719365488330535\surefirebooter777774564955287134.jar C:\Users\15826\AppData\Local\Temp\surefire5142719365488330535 2022-07-19T13-56-11_283-jvmRun1 surefire15988121436504349618tmp surefire_09556203756115724094tmp"/>
    <property name="jdk.debug" value="release"/>
    <property name="surefire.test.class.path" value="D:\javarun\IDEA\project\reggie_take_out\target\test-classes;D:\javarun\IDEA\project\reggie_take_out\target\classes;D:\Maven\apache-maven-3.8.5\mvn_resp\org\springframework\boot\spring-boot-starter\2.4.5\spring-boot-starter-2.4.5.jar;D:\Maven\apache-maven-3.8.5\mvn_resp\org\springframework\boot\spring-boot\2.4.5\spring-boot-2.4.5.jar;D:\Maven\apache-maven-3.8.5\mvn_resp\org\springframework\spring-context\5.3.6\spring-context-5.3.6.jar;D:\Maven\apache-maven-3.8.5\mvn_resp\org\springframework\boot\spring-boot-autoconfigure\2.4.5\spring-boot-autoconfigure-2.4.5.jar;D:\Maven\apache-maven-3.8.5\mvn_resp\org\springframework\boot\spring-boot-starter-logging\2.4.5\spring-boot-starter-logging-2.4.5.jar;D:\Maven\apache-maven-3.8.5\mvn_resp\ch\qos\logback\logback-classic\1.2.3\logback-classic-1.2.3.jar;D:\Maven\apache-maven-3.8.5\mvn_resp\ch\qos\logback\logback-core\1.2.3\logback-core-1.2.3.jar;D:\Maven\apache-maven-3.8.5\mvn_resp\org\apache\logging\log4j\log4j-to-slf4j\2.13.3\log4j-to-slf4j-2.13.3.jar;D:\Maven\apache-maven-3.8.5\mvn_resp\org\apache\logging\log4j\log4j-api\2.13.3\log4j-api-2.13.3.jar;D:\Maven\apache-maven-3.8.5\mvn_resp\org\slf4j\jul-to-slf4j\1.7.30\jul-to-slf4j-1.7.30.jar;D:\Maven\apache-maven-3.8.5\mvn_resp\jakarta\annotation\jakarta.annotation-api\1.3.5\jakarta.annotation-api-1.3.5.jar;D:\Maven\apache-maven-3.8.5\mvn_resp\org\springframework\spring-core\5.3.6\spring-core-5.3.6.jar;D:\Maven\apache-maven-3.8.5\mvn_resp\org\springframework\spring-jcl\5.3.6\spring-jcl-5.3.6.jar;D:\Maven\apache-maven-3.8.5\mvn_resp\org\yaml\snakeyaml\1.27\snakeyaml-1.27.jar;D:\Maven\apache-maven-3.8.5\mvn_resp\org\springframework\boot\spring-boot-starter-test\2.4.5\spring-boot-starter-test-2.4.5.jar;D:\Maven\apache-maven-3.8.5\mvn_resp\org\springframework\boot\spring-boot-test\2.4.5\spring-boot-test-2.4.5.jar;D:\Maven\apache-maven-3.8.5\mvn_resp\org\springframework\boot\spring-boot-test-autoconfigure\2.4.5\spring-boot-test-autoconfigure-2.4.5.jar;D:\Maven\apache-maven-3.8.5\mvn_resp\com\jayway\jsonpath\json-path\2.4.0\json-path-2.4.0.jar;D:\Maven\apache-maven-3.8.5\mvn_resp\net\minidev\json-smart\2.3\json-smart-2.3.jar;D:\Maven\apache-maven-3.8.5\mvn_resp\net\minidev\accessors-smart\1.2\accessors-smart-1.2.jar;D:\Maven\apache-maven-3.8.5\mvn_resp\org\ow2\asm\asm\5.0.4\asm-5.0.4.jar;D:\Maven\apache-maven-3.8.5\mvn_resp\jakarta\xml\bind\jakarta.xml.bind-api\2.3.3\jakarta.xml.bind-api-2.3.3.jar;D:\Maven\apache-maven-3.8.5\mvn_resp\jakarta\activation\jakarta.activation-api\1.2.2\jakarta.activation-api-1.2.2.jar;D:\Maven\apache-maven-3.8.5\mvn_resp\org\assertj\assertj-core\3.18.1\assertj-core-3.18.1.jar;D:\Maven\apache-maven-3.8.5\mvn_resp\org\hamcrest\hamcrest\2.2\hamcrest-2.2.jar;D:\Maven\apache-maven-3.8.5\mvn_resp\org\junit\jupiter\junit-jupiter\5.7.1\junit-jupiter-5.7.1.jar;D:\Maven\apache-maven-3.8.5\mvn_resp\org\junit\jupiter\junit-jupiter-api\5.7.1\junit-jupiter-api-5.7.1.jar;D:\Maven\apache-maven-3.8.5\mvn_resp\org\apiguardian\apiguardian-api\1.1.0\apiguardian-api-1.1.0.jar;D:\Maven\apache-maven-3.8.5\mvn_resp\org\opentest4j\opentest4j\1.2.0\opentest4j-1.2.0.jar;D:\Maven\apache-maven-3.8.5\mvn_resp\org\junit\platform\junit-platform-commons\1.7.1\junit-platform-commons-1.7.1.jar;D:\Maven\apache-maven-3.8.5\mvn_resp\org\junit\jupiter\junit-jupiter-params\5.7.1\junit-jupiter-params-5.7.1.jar;D:\Maven\apache-maven-3.8.5\mvn_resp\org\junit\jupiter\junit-jupiter-engine\5.7.1\junit-jupiter-engine-5.7.1.jar;D:\Maven\apache-maven-3.8.5\mvn_resp\org\junit\platform\junit-platform-engine\1.7.1\junit-platform-engine-1.7.1.jar;D:\Maven\apache-maven-3.8.5\mvn_resp\org\mockito\mockito-core\3.6.28\mockito-core-3.6.28.jar;D:\Maven\apache-maven-3.8.5\mvn_resp\net\bytebuddy\byte-buddy\1.10.22\byte-buddy-1.10.22.jar;D:\Maven\apache-maven-3.8.5\mvn_resp\net\bytebuddy\byte-buddy-agent\1.10.22\byte-buddy-agent-1.10.22.jar;D:\Maven\apache-maven-3.8.5\mvn_resp\org\objenesis\objenesis\3.1\objenesis-3.1.jar;D:\Maven\apache-maven-3.8.5\mvn_resp\org\mockito\mockito-junit-jupiter\3.6.28\mockito-junit-jupiter-3.6.28.jar;D:\Maven\apache-maven-3.8.5\mvn_resp\org\skyscreamer\jsonassert\1.5.0\jsonassert-1.5.0.jar;D:\Maven\apache-maven-3.8.5\mvn_resp\com\vaadin\external\google\android-json\0.0.20131108.vaadin1\android-json-0.0.20131108.vaadin1.jar;D:\Maven\apache-maven-3.8.5\mvn_resp\org\springframework\spring-test\5.3.6\spring-test-5.3.6.jar;D:\Maven\apache-maven-3.8.5\mvn_resp\org\xmlunit\xmlunit-core\2.7.0\xmlunit-core-2.7.0.jar;D:\Maven\apache-maven-3.8.5\mvn_resp\org\springframework\boot\spring-boot-starter-web\2.4.5\spring-boot-starter-web-2.4.5.jar;D:\Maven\apache-maven-3.8.5\mvn_resp\org\springframework\boot\spring-boot-starter-json\2.4.5\spring-boot-starter-json-2.4.5.jar;D:\Maven\apache-maven-3.8.5\mvn_resp\com\fasterxml\jackson\core\jackson-databind\2.11.4\jackson-databind-2.11.4.jar;D:\Maven\apache-maven-3.8.5\mvn_resp\com\fasterxml\jackson\core\jackson-annotations\2.11.4\jackson-annotations-2.11.4.jar;D:\Maven\apache-maven-3.8.5\mvn_resp\com\fasterxml\jackson\core\jackson-core\2.11.4\jackson-core-2.11.4.jar;D:\Maven\apache-maven-3.8.5\mvn_resp\com\fasterxml\jackson\datatype\jackson-datatype-jdk8\2.11.4\jackson-datatype-jdk8-2.11.4.jar;D:\Maven\apache-maven-3.8.5\mvn_resp\com\fasterxml\jackson\datatype\jackson-datatype-jsr310\2.11.4\jackson-datatype-jsr310-2.11.4.jar;D:\Maven\apache-maven-3.8.5\mvn_resp\com\fasterxml\jackson\module\jackson-module-parameter-names\2.11.4\jackson-module-parameter-names-2.11.4.jar;D:\Maven\apache-maven-3.8.5\mvn_resp\org\springframework\boot\spring-boot-starter-tomcat\2.4.5\spring-boot-starter-tomcat-2.4.5.jar;D:\Maven\apache-maven-3.8.5\mvn_resp\org\apache\tomcat\embed\tomcat-embed-core\9.0.45\tomcat-embed-core-9.0.45.jar;D:\Maven\apache-maven-3.8.5\mvn_resp\org\glassfish\jakarta.el\3.0.3\jakarta.el-3.0.3.jar;D:\Maven\apache-maven-3.8.5\mvn_resp\org\apache\tomcat\embed\tomcat-embed-websocket\9.0.45\tomcat-embed-websocket-9.0.45.jar;D:\Maven\apache-maven-3.8.5\mvn_resp\org\springframework\spring-web\5.3.6\spring-web-5.3.6.jar;D:\Maven\apache-maven-3.8.5\mvn_resp\org\springframework\spring-beans\5.3.6\spring-beans-5.3.6.jar;D:\Maven\apache-maven-3.8.5\mvn_resp\org\springframework\spring-webmvc\5.3.6\spring-webmvc-5.3.6.jar;D:\Maven\apache-maven-3.8.5\mvn_resp\org\springframework\spring-aop\5.3.6\spring-aop-5.3.6.jar;D:\Maven\apache-maven-3.8.5\mvn_resp\org\springframework\spring-expression\5.3.6\spring-expression-5.3.6.jar;D:\Maven\apache-maven-3.8.5\mvn_resp\com\baomidou\mybatis-plus-boot-starter\3.4.2\mybatis-plus-boot-starter-3.4.2.jar;D:\Maven\apache-maven-3.8.5\mvn_resp\com\baomidou\mybatis-plus\3.4.2\mybatis-plus-3.4.2.jar;D:\Maven\apache-maven-3.8.5\mvn_resp\com\baomidou\mybatis-plus-extension\3.4.2\mybatis-plus-extension-3.4.2.jar;D:\Maven\apache-maven-3.8.5\mvn_resp\com\baomidou\mybatis-plus-core\3.4.2\mybatis-plus-core-3.4.2.jar;D:\Maven\apache-maven-3.8.5\mvn_resp\com\baomidou\mybatis-plus-annotation\3.4.2\mybatis-plus-annotation-3.4.2.jar;D:\Maven\apache-maven-3.8.5\mvn_resp\com\github\jsqlparser\jsqlparser\4.0\jsqlparser-4.0.jar;D:\Maven\apache-maven-3.8.5\mvn_resp\org\mybatis\mybatis\3.5.6\mybatis-3.5.6.jar;D:\Maven\apache-maven-3.8.5\mvn_resp\org\mybatis\mybatis-spring\2.0.5\mybatis-spring-2.0.5.jar;D:\Maven\apache-maven-3.8.5\mvn_resp\org\springframework\boot\spring-boot-starter-jdbc\2.4.5\spring-boot-starter-jdbc-2.4.5.jar;D:\Maven\apache-maven-3.8.5\mvn_resp\com\zaxxer\HikariCP\3.4.5\HikariCP-3.4.5.jar;D:\Maven\apache-maven-3.8.5\mvn_resp\org\springframework\spring-jdbc\5.3.6\spring-jdbc-5.3.6.jar;D:\Maven\apache-maven-3.8.5\mvn_resp\org\springframework\spring-tx\5.3.6\spring-tx-5.3.6.jar;D:\Maven\apache-maven-3.8.5\mvn_resp\org\projectlombok\lombok\1.18.20\lombok-1.18.20.jar;D:\Maven\apache-maven-3.8.5\mvn_resp\com\alibaba\fastjson\1.2.76\fastjson-1.2.76.jar;D:\Maven\apache-maven-3.8.5\mvn_resp\commons-lang\commons-lang\2.6\commons-lang-2.6.jar;D:\Maven\apache-maven-3.8.5\mvn_resp\mysql\mysql-connector-java\8.0.23\mysql-connector-java-8.0.23.jar;D:\Maven\apache-maven-3.8.5\mvn_resp\com\alibaba\druid-spring-boot-starter\1.1.23\druid-spring-boot-starter-1.1.23.jar;D:\Maven\apache-maven-3.8.5\mvn_resp\com\alibaba\druid\1.1.23\druid-1.1.23.jar;D:\Maven\apache-maven-3.8.5\mvn_resp\org\slf4j\slf4j-api\1.7.30\slf4j-api-1.7.30.jar;D:\Maven\apache-maven-3.8.5\mvn_resp\com\aliyun\aliyun-java-sdk-core\4.5.16\aliyun-java-sdk-core-4.5.16.jar;D:\Maven\apache-maven-3.8.5\mvn_resp\com\google\code\gson\gson\2.8.6\gson-2.8.6.jar;D:\Maven\apache-maven-3.8.5\mvn_resp\org\apache\httpcomponents\httpclient\4.5.13\httpclient-4.5.13.jar;D:\Maven\apache-maven-3.8.5\mvn_resp\commons-codec\commons-codec\1.15\commons-codec-1.15.jar;D:\Maven\apache-maven-3.8.5\mvn_resp\org\apache\httpcomponents\httpcore\4.4.14\httpcore-4.4.14.jar;D:\Maven\apache-maven-3.8.5\mvn_resp\commons-logging\commons-logging\1.2\commons-logging-1.2.jar;D:\Maven\apache-maven-3.8.5\mvn_resp\javax\xml\bind\jaxb-api\2.3.1\jaxb-api-2.3.1.jar;D:\Maven\apache-maven-3.8.5\mvn_resp\javax\activation\javax.activation-api\1.2.0\javax.activation-api-1.2.0.jar;D:\Maven\apache-maven-3.8.5\mvn_resp\org\jacoco\org.jacoco.agent\0.8.6\org.jacoco.agent-0.8.6-runtime.jar;D:\Maven\apache-maven-3.8.5\mvn_resp\org\ini4j\ini4j\0.5.4\ini4j-0.5.4.jar;D:\Maven\apache-maven-3.8.5\mvn_resp\io\opentracing\opentracing-api\0.33.0\opentracing-api-0.33.0.jar;D:\Maven\apache-maven-3.8.5\mvn_resp\io\opentracing\opentracing-util\0.33.0\opentracing-util-0.33.0.jar;D:\Maven\apache-maven-3.8.5\mvn_resp\io\opentracing\opentracing-noop\0.33.0\opentracing-noop-0.33.0.jar;D:\Maven\apache-maven-3.8.5\mvn_resp\com\aliyun\aliyun-java-sdk-dysmsapi\2.1.0\aliyun-java-sdk-dysmsapi-2.1.0.jar;"/>
    <property name="sun.cpu.endian" value="little"/>
    <property name="user.home" value="C:\Users\15826"/>
    <property name="user.language" value="zh"/>
    <property name="java.specification.vendor" value="Oracle Corporation"/>
    <property name="java.version.date" value="2022-01-18"/>
    <property name="java.home" value="D:\JDK"/>
    <property name="file.separator" value="\"/>
    <property name="basedir" value="D:\javarun\IDEA\project\reggie_take_out"/>
    <property name="java.vm.compressedOopsMode" value="Zero based"/>
    <property name="line.separator" value="&#10;"/>
    <property name="java.specification.name" value="Java Platform API Specification"/>
    <property name="java.vm.specification.vendor" value="Oracle Corporation"/>
    <property name="java.awt.graphicsenv" value="sun.awt.Win32GraphicsEnvironment"/>
    <property name="surefire.real.class.path" value="C:\Users\15826\AppData\Local\Temp\surefire5142719365488330535\surefirebooter777774564955287134.jar"/>
    <property name="user.script" value=""/>
    <property name="sun.management.compiler" value="HotSpot 64-Bit Tiered Compilers"/>
    <property name="java.runtime.version" value="11.0.14+8-LTS-263"/>
    <property name="user.name" value="15826"/>
    <property name="path.separator" value=";"/>
    <property name="os.version" value="10.0"/>
    <property name="java.runtime.name" value="Java(TM) SE Runtime Environment"/>
    <property name="file.encoding" value="GBK"/>
    <property name="java.vm.name" value="Java HotSpot(TM) 64-Bit Server VM"/>
    <property name="java.vendor.version" value="18.9"/>
    <property name="localRepository" value="D:\Maven\apache-maven-3.8.5\mvn_resp"/>
    <property name="java.vendor.url.bug" value="https://bugreport.java.com/bugreport/"/>
    <property name="java.io.tmpdir" value="C:\Users\15826\AppData\Local\Temp\"/>
    <property name="idea.version" value="2021.3.3"/>
    <property name="java.version" value="11.0.14"/>
    <property name="user.dir" value="D:\javarun\IDEA\project\reggie_take_out"/>
    <property name="os.arch" value="amd64"/>
    <property name="java.vm.specification.name" value="Java Virtual Machine Specification"/>
    <property name="java.awt.printerjob" value="sun.awt.windows.WPrinterJob"/>
    <property name="sun.os.patch.level" value=""/>
    <property name="java.library.path" value="D:\JDK\bin;C:\WINDOWS\Sun\Java\bin;C:\WINDOWS\system32;C:\WINDOWS;D:\Linux\bin\;C:\Program Files\Common Files\Oracle\Java\javapath;C:\Program Files (x86)\Common Files\Oracle\Java\javapath;C:\Windows\system32;C:\Windows;C:\Windows\System32\Wbem;C:\Windows\System32\WindowsPowerShell\v1.0\;C:\Windows\System32\OpenSSH\;C:\Program Files (x86)\NVIDIA Corporation\PhysX\Common;C:\Program Files\NVIDIA Corporation\NVIDIA NvDLISR;C:\WINDOWS\system32;C:\WINDOWS;C:\WINDOWS\System32\Wbem;C:\WINDOWS\System32\WindowsPowerShell\v1.0\;C:\WINDOWS\System32\OpenSSH\;%QUARTUS_ROOTDIR%\bin;%QUARTUS_ROOTDIR%\win;%QESS_ROOTDIR%\bin;D:\runtime\win64;D:\bin;D:\polyspace\bin;C:\Program Files\MySQL\MySQL Server 8.0\bin;D:\Linux\Xshell\;D:\Maven\apache-maven-3.8.5\bin;&quot;%CATALINA_HOME%\bin;%CATALINA_HOME%\lib&quot;;JAVA_HOME;D:\JDK8\bin;D:\Git\Git\cmd;C:\Program Files\MySQL\MySQL Shell 8.0\bin\;C:\Users\15826\AppData\Local\Microsoft\WindowsApps;;."/>
    <property name="java.vendor" value="Oracle Corporation"/>
    <property name="java.vm.info" value="mixed mode"/>
    <property name="java.vm.version" value="11.0.14+8-LTS-263"/>
    <property name="sun.io.unicode.encoding" value="UnicodeLittle"/>
    <property name="java.class.version" value="55.0"/>
  </properties>
  <testcase name="test1" classname="com.itheima.test.UploadFileTest" time="0.015"/>
</testsuite>